[2026-05-25 09:14:20] [INFO] Python=3.13.5 deps={'pandas': '3.0.3', 'openpyxl': '3.1.5', 'xlrd': '2.0.2'}
[2026-05-25 09:14:20] [INFO] 输入目录=181-固收上层 输出文件=多套账净值查询.xlsx
[2026-05-25 09:14:20] [INFO] 开始处理文件: HS-181_多账套净值查询_20250901.xlsx engine=openpyxl
[2026-05-25 09:14:20] [INFO] 开始处理文件: HS-181_多账套净值查询_20250902.xlsx engine=openpyxl
[2026-05-25 09:14:20] [INFO] 开始处理文件: HS-181_多账套净值查询_20250903.xlsx engine=openpyxl
[2026-05-25 09:14:20] [INFO] 开始处理文件: HS-181_多账套净值查询_20250904.xlsx engine=openpyxl
[2026-05-25 09:14:20] [INFO] 开始处理文件: HS-181_多账套净值查询_20250905.xlsx engine=openpyxl
[2026-05-25 09:14:20] [INFO] 开始处理文件: HS-181_多账套净值查询_20250906.xlsx engine=openpyxl
[2026-05-25 09:14:20] [INFO] 开始处理文件: HS-181_多账套净值查询_20250907.xlsx engine=openpyxl
[2026-05-25 09:14:20] [INFO] 开始处理文件: HS-181_多账套净值查询_20250908.xlsx engine=openpyxl
[2026-05-25 09:14:20] [INFO] 开始处理文件: HS-181_多账套净值查询_20250909.xlsx engine=openpyxl
[2026-05-25 09:14:20] [INFO] 开始处理文件: HS-181_多账套净值查询_20250910.xlsx engine=openpyxl
[2026-05-25 09:14:20] [INFO] 开始处理文件: HS-181_多账套净值查询_20250911.xlsx engine=openpyxl
[2026-05-25 09:14:20] [INFO] 开始处理文件: HS-181_多账套净值查询_20250912.xlsx engine=openpyxl
[2026-05-25 09:14:20] [INFO] 开始处理文件: HS-181_多账套净值查询_20250913.xlsx engine=openpyxl
[2026-05-25 09:14:20] [INFO] 开始处理文件: HS-181_多账套净值查询_20250914.xlsx engine=openpyxl
[2026-05-25 09:14:21] [INFO] 开始处理文件: HS-181_多账套净值查询_20250915.xlsx engine=openpyxl
[2026-05-25 09:14:21] [INFO] 开始处理文件: HS-181_多账套净值查询_20250916.xlsx engine=openpyxl
[2026-05-25 09:14:21] [INFO] 开始处理文件: HS-181_多账套净值查询_20250917.xlsx engine=openpyxl
[2026-05-25 09:14:21] [INFO] 开始处理文件: HS-181_多账套净值查询_20250918.xlsx engine=openpyxl
[2026-05-25 09:14:21] [INFO] 开始处理文件: HS-181_多账套净值查询_20250919.xlsx engine=openpyxl
[2026-05-25 09:14:21] [INFO] 开始处理文件: HS-181_多账套净值查询_20250920.xlsx engine=openpyxl
[2026-05-25 09:14:21] [INFO] 开始处理文件: HS-181_多账套净值查询_20250921.xlsx engine=openpyxl
[2026-05-25 09:14:21] [INFO] 开始处理文件: HS-181_多账套净值查询_20250922.xlsx engine=openpyxl
[2026-05-25 09:14:21] [INFO] 开始处理文件: HS-181_多账套净值查询_20250923.xlsx engine=openpyxl
[2026-05-25 09:14:21] [INFO] 开始处理文件: HS-181_多账套净值查询_20250924.xlsx engine=openpyxl
[2026-05-25 09:14:21] [INFO] 开始处理文件: HS-181_多账套净值查询_20250925.xlsx engine=openpyxl
[2026-05-25 09:14:21] [INFO] 开始处理文件: HS-181_多账套净值查询_20250926.xlsx engine=openpyxl
[2026-05-25 09:14:21] [INFO] 开始处理文件: HS-181_多账套净值查询_20250927.xlsx engine=openpyxl
[2026-05-25 09:14:21] [INFO] 开始处理文件: HS-181_多账套净值查询_20250928.xlsx engine=openpyxl
[2026-05-25 09:14:21] [INFO] 开始处理文件: HS-181_多账套净值查询_20250929.xlsx engine=openpyxl
[2026-05-25 09:14:21] [INFO] 开始处理文件: HS-181_多账套净值查询_20250930.xlsx engine=openpyxl
[2026-05-25 09:14:21] [INFO] 开始处理文件: HS-181_多账套净值查询_20251001.xlsx engine=openpyxl
[2026-05-25 09:14:21] [INFO] 开始处理文件: HS-181_多账套净值查询_20251002.xlsx engine=openpyxl
[2026-05-25 09:14:21] [INFO] 开始处理文件: HS-181_多账套净值查询_20251003.xlsx engine=openpyxl
[2026-05-25 09:14:21] [INFO] 开始处理文件: HS-181_多账套净值查询_20251004.xlsx engine=openpyxl
[2026-05-25 09:14:21] [INFO] 开始处理文件: HS-181_多账套净值查询_20251005.xlsx engine=openpyxl
[2026-05-25 09:14:21] [INFO] 开始处理文件: HS-181_多账套净值查询_20251006.xlsx engine=openpyxl
[2026-05-25 09:14:21] [INFO] 开始处理文件: HS-181_多账套净值查询_20251007.xlsx engine=openpyxl
[2026-05-25 09:14:21] [INFO] 开始处理文件: HS-181_多账套净值查询_20251008.xlsx engine=openpyxl
[2026-05-25 09:14:21] [INFO] 开始处理文件: HS-181_多账套净值查询_20251009.xlsx engine=openpyxl
[2026-05-25 09:14:21] [INFO] 开始处理文件: HS-181_多账套净值查询_20251010.xlsx engine=openpyxl
[2026-05-25 09:14:21] [INFO] 开始处理文件: HS-181_多账套净值查询_20251011.xlsx engine=openpyxl
[2026-05-25 09:14:21] [INFO] 开始处理文件: HS-181_多账套净值查询_20251012.xlsx engine=openpyxl
[2026-05-25 09:14:21] [INFO] 开始处理文件: HS-181_多账套净值查询_20251013.xlsx engine=openpyxl
[2026-05-25 09:14:21] [INFO] 开始处理文件: HS-181_多账套净值查询_20251014.xlsx engine=openpyxl
[2026-05-25 09:14:21] [INFO] 开始处理文件: HS-181_多账套净值查询_20251015.xlsx engine=openpyxl
[2026-05-25 09:14:21] [INFO] 开始处理文件: HS-181_多账套净值查询_20251016.xlsx engine=openpyxl
[2026-05-25 09:14:21] [INFO] 开始处理文件: HS-181_多账套净值查询_20251017.xlsx engine=openpyxl
[2026-05-25 09:14:21] [INFO] 开始处理文件: HS-181_多账套净值查询_20251018.xlsx engine=openpyxl
[2026-05-25 09:14:21] [INFO] 开始处理文件: HS-181_多账套净值查询_20251019.xlsx engine=openpyxl
[2026-05-25 09:14:21] [INFO] 开始处理文件: HS-181_多账套净值查询_20251020.xlsx engine=openpyxl
[2026-05-25 09:14:21] [INFO] 开始处理文件: HS-181_多账套净值查询_20251021.xlsx engine=openpyxl
[2026-05-25 09:14:21] [INFO] 开始处理文件: HS-181_多账套净值查询_20251022.xlsx engine=openpyxl
[2026-05-25 09:14:21] [INFO] 开始处理文件: HS-181_多账套净值查询_20251023.xlsx engine=openpyxl
[2026-05-25 09:14:21] [INFO] 开始处理文件: HS-181_多账套净值查询_20251024.xlsx engine=openpyxl
[2026-05-25 09:14:21] [INFO] 开始处理文件: HS-181_多账套净值查询_20251025.xlsx engine=openpyxl
[2026-05-25 09:14:21] [INFO] 开始处理文件: HS-181_多账套净值查询_20251026.xlsx engine=openpyxl
[2026-05-25 09:14:21] [INFO] 开始处理文件: HS-181_多账套净值查询_20251027.xlsx engine=openpyxl
[2026-05-25 09:14:21] [INFO] 开始处理文件: HS-181_多账套净值查询_20251028.xlsx engine=openpyxl
[2026-05-25 09:14:21] [INFO] 开始处理文件: HS-181_多账套净值查询_20251029.xlsx engine=openpyxl
[2026-05-25 09:14:21] [INFO] 开始处理文件: HS-181_多账套净值查询_20251030.xlsx engine=openpyxl
[2026-05-25 09:14:22] [INFO] 开始处理文件: HS-181_多账套净值查询_20251031.xlsx engine=openpyxl
[2026-05-25 09:14:22] [INFO] 开始处理文件: HS-181_多账套净值查询_20251101.xlsx engine=openpyxl
[2026-05-25 09:14:22] [INFO] 开始处理文件: HS-181_多账套净值查询_20251102.xlsx engine=openpyxl
[2026-05-25 09:14:22] [INFO] 开始处理文件: HS-181_多账套净值查询_20251103.xlsx engine=openpyxl
[2026-05-25 09:14:22] [INFO] 开始处理文件: HS-181_多账套净值查询_20251104.xlsx engine=openpyxl
[2026-05-25 09:14:22] [INFO] 开始处理文件: HS-181_多账套净值查询_20251105.xlsx engine=openpyxl
[2026-05-25 09:14:22] [INFO] 开始处理文件: HS-181_多账套净值查询_20251106.xlsx engine=openpyxl
[2026-05-25 09:14:22] [INFO] 开始处理文件: HS-181_多账套净值查询_20251107.xlsx engine=openpyxl
[2026-05-25 09:14:22] [INFO] 开始处理文件: HS-181_多账套净值查询_20251108.xlsx engine=openpyxl
[2026-05-25 09:14:22] [INFO] 开始处理文件: HS-181_多账套净值查询_20251109.xlsx engine=openpyxl
[2026-05-25 09:14:22] [INFO] 开始处理文件: HS-181_多账套净值查询_20251110.xlsx engine=openpyxl
[2026-05-25 09:14:22] [INFO] 开始处理文件: HS-181_多账套净值查询_20251111.xlsx engine=openpyxl
[2026-05-25 09:14:22] [INFO] 开始处理文件: HS-181_多账套净值查询_20251112.xlsx engine=openpyxl
[2026-05-25 09:14:22] [INFO] 开始处理文件: HS-181_多账套净值查询_20251113.xlsx engine=openpyxl
[2026-05-25 09:14:22] [INFO] 开始处理文件: HS-181_多账套净值查询_20251114.xlsx engine=openpyxl
[2026-05-25 09:14:22] [INFO] 开始处理文件: HS-181_多账套净值查询_20251115.xlsx engine=openpyxl
[2026-05-25 09:14:22] [INFO] 开始处理文件: HS-181_多账套净值查询_20251116.xlsx engine=openpyxl
[2026-05-25 09:14:22] [INFO] 开始处理文件: HS-181_多账套净值查询_20251117.xlsx engine=openpyxl
[2026-05-25 09:14:22] [INFO] 开始处理文件: HS-181_多账套净值查询_20251118.xlsx engine=openpyxl
[2026-05-25 09:14:22] [INFO] 开始处理文件: HS-181_多账套净值查询_20251119.xlsx engine=openpyxl
[2026-05-25 09:14:22] [INFO] 开始处理文件: HS-181_多账套净值查询_20251120.xlsx engine=openpyxl
[2026-05-25 09:14:22] [INFO] 开始处理文件: HS-181_多账套净值查询_20251121.xlsx engine=openpyxl
[2026-05-25 09:14:22] [INFO] 开始处理文件: HS-181_多账套净值查询_20251122.xlsx engine=openpyxl
[2026-05-25 09:14:22] [INFO] 开始处理文件: HS-181_多账套净值查询_20251123.xlsx engine=openpyxl
[2026-05-25 09:14:22] [INFO] 开始处理文件: HS-181_多账套净值查询_20251124.xlsx engine=openpyxl
[2026-05-25 09:14:22] [INFO] 开始处理文件: HS-181_多账套净值查询_20251125.xlsx engine=openpyxl
[2026-05-25 09:14:22] [INFO] 开始处理文件: HS-181_多账套净值查询_20251126.xlsx engine=openpyxl
[2026-05-25 09:14:22] [INFO] 开始处理文件: HS-181_多账套净值查询_20251127.xlsx engine=openpyxl
[2026-05-25 09:14:22] [INFO] 开始处理文件: HS-181_多账套净值查询_20251128.xlsx engine=openpyxl
[2026-05-25 09:14:22] [INFO] 开始处理文件: HS-181_多账套净值查询_20251129.xlsx engine=openpyxl
[2026-05-25 09:14:22] [INFO] 开始处理文件: HS-181_多账套净值查询_20251130.xlsx engine=openpyxl
[2026-05-25 09:14:22] [INFO] 开始处理文件: HS-181_多账套净值查询_20251201.xlsx engine=openpyxl
[2026-05-25 09:14:22] [INFO] 开始处理文件: HS-181_多账套净值查询_20251202.xlsx engine=openpyxl
[2026-05-25 09:14:22] [INFO] 开始处理文件: HS-181_多账套净值查询_20251203.xlsx engine=openpyxl
[2026-05-25 09:14:22] [INFO] 开始处理文件: HS-181_多账套净值查询_20251204.xlsx engine=openpyxl
[2026-05-25 09:14:22] [INFO] 开始处理文件: HS-181_多账套净值查询_20251205.xlsx engine=openpyxl
[2026-05-25 09:14:22] [INFO] 开始处理文件: HS-181_多账套净值查询_20251206.xlsx engine=openpyxl
[2026-05-25 09:14:22] [INFO] 开始处理文件: HS-181_多账套净值查询_20251207.xlsx engine=openpyxl
[2026-05-25 09:14:22] [INFO] 开始处理文件: HS-181_多账套净值查询_20251208.xlsx engine=openpyxl
[2026-05-25 09:14:22] [INFO] 开始处理文件: HS-181_多账套净值查询_20251209.xlsx engine=openpyxl
[2026-05-25 09:14:22] [INFO] 开始处理文件: HS-181_多账套净值查询_20251210.xlsx engine=openpyxl
[2026-05-25 09:14:22] [INFO] 开始处理文件: HS-181_多账套净值查询_20251211.xlsx engine=openpyxl
[2026-05-25 09:14:22] [INFO] 开始处理文件: HS-181_多账套净值查询_20251212.xlsx engine=openpyxl
[2026-05-25 09:14:22] [INFO] 开始处理文件: HS-181_多账套净值查询_20251213.xlsx engine=openpyxl
[2026-05-25 09:14:22] [INFO] 开始处理文件: HS-181_多账套净值查询_20251214.xlsx engine=openpyxl
[2026-05-25 09:14:22] [INFO] 开始处理文件: HS-181_多账套净值查询_20251215.xlsx engine=openpyxl
[2026-05-25 09:14:23] [INFO] 开始处理文件: HS-181_多账套净值查询_20251216.xlsx engine=openpyxl
[2026-05-25 09:14:23] [INFO] 开始处理文件: HS-181_多账套净值查询_20251217.xlsx engine=openpyxl
[2026-05-25 09:14:23] [INFO] 开始处理文件: HS-181_多账套净值查询_20251218.xlsx engine=openpyxl
[2026-05-25 09:14:23] [INFO] 开始处理文件: HS-181_多账套净值查询_20251219.xlsx engine=openpyxl
[2026-05-25 09:14:23] [INFO] 开始处理文件: HS-181_多账套净值查询_20251220.xlsx engine=openpyxl
[2026-05-25 09:14:23] [INFO] 开始处理文件: HS-181_多账套净值查询_20251221.xlsx engine=openpyxl
[2026-05-25 09:14:23] [INFO] 开始处理文件: HS-181_多账套净值查询_20251222.xlsx engine=openpyxl
[2026-05-25 09:14:23] [INFO] 开始处理文件: HS-181_多账套净值查询_20251223.xlsx engine=openpyxl
[2026-05-25 09:14:23] [INFO] 开始处理文件: HS-181_多账套净值查询_20251224.xlsx engine=openpyxl
[2026-05-25 09:14:23] [INFO] 开始处理文件: HS-181_多账套净值查询_20251225.xlsx engine=openpyxl
[2026-05-25 09:14:23] [INFO] 开始处理文件: HS-181_多账套净值查询_20251226.xlsx engine=openpyxl
[2026-05-25 09:14:23] [INFO] 开始处理文件: HS-181_多账套净值查询_20251227.xlsx engine=openpyxl
[2026-05-25 09:14:23] [INFO] 开始处理文件: HS-181_多账套净值查询_20251228.xlsx engine=openpyxl
[2026-05-25 09:14:23] [INFO] 开始处理文件: HS-181_多账套净值查询_20251229.xlsx engine=openpyxl
[2026-05-25 09:14:23] [INFO] 开始处理文件: HS-181_多账套净值查询_20251230.xlsx engine=openpyxl
[2026-05-25 09:14:23] [INFO] 开始处理文件: HS-181_多账套净值查询_20251231.xlsx engine=openpyxl
[2026-05-25 09:14:23] [INFO] 开始处理文件: HS-181_多账套净值查询_20260101.xlsx engine=openpyxl
[2026-05-25 09:14:23] [INFO] 开始处理文件: HS-181_多账套净值查询_20260102.xlsx engine=openpyxl
[2026-05-25 09:14:23] [INFO] 开始处理文件: HS-181_多账套净值查询_20260103.xlsx engine=openpyxl
[2026-05-25 09:14:23] [INFO] 开始处理文件: HS-181_多账套净值查询_20260104.xlsx engine=openpyxl
[2026-05-25 09:14:23] [INFO] 开始处理文件: HS-181_多账套净值查询_20260105.xlsx engine=openpyxl
[2026-05-25 09:14:23] [INFO] 开始处理文件: HS-181_多账套净值查询_20260106.xlsx engine=openpyxl
[2026-05-25 09:14:23] [INFO] 开始处理文件: HS-181_多账套净值查询_20260107.xlsx engine=openpyxl
[2026-05-25 09:14:23] [INFO] 开始处理文件: HS-181_多账套净值查询_20260108.xlsx engine=openpyxl
[2026-05-25 09:14:23] [INFO] 开始处理文件: HS-181_多账套净值查询_20260109.xlsx engine=openpyxl
[2026-05-25 09:14:23] [INFO] 开始处理文件: HS-181_多账套净值查询_20260110.xlsx engine=openpyxl
[2026-05-25 09:14:23] [INFO] 开始处理文件: HS-181_多账套净值查询_20260111.xlsx engine=openpyxl
[2026-05-25 09:14:23] [INFO] 开始处理文件: HS-181_多账套净值查询_20260112.xlsx engine=openpyxl
[2026-05-25 09:14:23] [INFO] 开始处理文件: HS-181_多账套净值查询_20260113.xlsx engine=openpyxl
[2026-05-25 09:14:23] [INFO] 开始处理文件: HS-181_多账套净值查询_20260114.xlsx engine=openpyxl
[2026-05-25 09:14:23] [INFO] 开始处理文件: HS-181_多账套净值查询_20260115.xlsx engine=openpyxl
[2026-05-25 09:14:23] [INFO] 开始处理文件: HS-181_多账套净值查询_20260116.xlsx engine=openpyxl
[2026-05-25 09:14:23] [INFO] 开始处理文件: HS-181_多账套净值查询_20260117.xlsx engine=openpyxl
[2026-05-25 09:14:23] [INFO] 开始处理文件: HS-181_多账套净值查询_20260118.xlsx engine=openpyxl
[2026-05-25 09:14:23] [INFO] 开始处理文件: HS-181_多账套净值查询_20260119.xlsx engine=openpyxl
[2026-05-25 09:14:23] [INFO] 开始处理文件: HS-181_多账套净值查询_20260120.xlsx engine=openpyxl
[2026-05-25 09:14:23] [INFO] 开始处理文件: HS-181_多账套净值查询_20260121.xlsx engine=openpyxl
[2026-05-25 09:14:23] [INFO] 开始处理文件: HS-181_多账套净值查询_20260122.xlsx engine=openpyxl
[2026-05-25 09:14:23] [INFO] 开始处理文件: HS-181_多账套净值查询_20260123.xlsx engine=openpyxl
[2026-05-25 09:14:23] [INFO] 开始处理文件: HS-181_多账套净值查询_20260124.xlsx engine=openpyxl
[2026-05-25 09:14:23] [INFO] 开始处理文件: HS-181_多账套净值查询_20260125.xlsx engine=openpyxl
[2026-05-25 09:14:23] [INFO] 开始处理文件: HS-181_多账套净值查询_20260126.xlsx engine=openpyxl
[2026-05-25 09:14:23] [INFO] 开始处理文件: HS-181_多账套净值查询_20260127.xlsx engine=openpyxl
[2026-05-25 09:14:23] [INFO] 开始处理文件: HS-181_多账套净值查询_20260128.xlsx engine=openpyxl
[2026-05-25 09:14:23] [INFO] 开始处理文件: HS-181_多账套净值查询_20260129.xlsx engine=openpyxl
[2026-05-25 09:14:23] [INFO] 开始处理文件: HS-181_多账套净值查询_20260130.xlsx engine=openpyxl
[2026-05-25 09:14:23] [INFO] 开始处理文件: HS-181_多账套净值查询_20260131.xlsx engine=openpyxl
[2026-05-25 09:14:24] [INFO] 开始处理文件: HS-181_多账套净值查询_20260201.xlsx engine=openpyxl
[2026-05-25 09:14:24] [INFO] 开始处理文件: HS-181_多账套净值查询_20260202.xlsx engine=openpyxl
[2026-05-25 09:14:24] [INFO] 开始处理文件: HS-181_多账套净值查询_20260203.xlsx engine=openpyxl
[2026-05-25 09:14:24] [INFO] 开始处理文件: HS-181_多账套净值查询_20260204.xlsx engine=openpyxl
[2026-05-25 09:14:24] [INFO] 开始处理文件: HS-181_多账套净值查询_20260205.xlsx engine=openpyxl
[2026-05-25 09:14:24] [INFO] 开始处理文件: HS-181_多账套净值查询_20260206.xlsx engine=openpyxl
[2026-05-25 09:14:24] [INFO] 开始处理文件: HS-181_多账套净值查询_20260207.xlsx engine=openpyxl
[2026-05-25 09:14:24] [INFO] 开始处理文件: HS-181_多账套净值查询_20260208.xlsx engine=openpyxl
[2026-05-25 09:14:24] [INFO] 开始处理文件: HS-181_多账套净值查询_20260209.xlsx engine=openpyxl
[2026-05-25 09:14:24] [INFO] 开始处理文件: HS-181_多账套净值查询_20260210.xlsx engine=openpyxl
[2026-05-25 09:14:24] [INFO] 开始处理文件: HS-181_多账套净值查询_20260211.xlsx engine=openpyxl
[2026-05-25 09:14:24] [INFO] 开始处理文件: HS-181_多账套净值查询_20260212.xlsx engine=openpyxl
[2026-05-25 09:14:24] [INFO] 开始处理文件: HS-181_多账套净值查询_20260213.xlsx engine=openpyxl
[2026-05-25 09:14:24] [INFO] 开始处理文件: HS-181_多账套净值查询_20260214.xlsx engine=openpyxl
[2026-05-25 09:14:24] [INFO] 开始处理文件: HS-181_多账套净值查询_20260215.xlsx engine=openpyxl
[2026-05-25 09:14:24] [INFO] 开始处理文件: HS-181_多账套净值查询_20260216.xlsx engine=openpyxl
[2026-05-25 09:14:24] [INFO] 开始处理文件: HS-181_多账套净值查询_20260217.xlsx engine=openpyxl
[2026-05-25 09:14:24] [INFO] 开始处理文件: HS-181_多账套净值查询_20260218.xlsx engine=openpyxl
[2026-05-25 09:14:24] [INFO] 开始处理文件: HS-181_多账套净值查询_20260219.xlsx engine=openpyxl
[2026-05-25 09:14:24] [INFO] 开始处理文件: HS-181_多账套净值查询_20260220.xlsx engine=openpyxl
[2026-05-25 09:14:24] [INFO] 开始处理文件: HS-181_多账套净值查询_20260221.xlsx engine=openpyxl
[2026-05-25 09:14:24] [INFO] 开始处理文件: HS-181_多账套净值查询_20260222.xlsx engine=openpyxl
[2026-05-25 09:14:24] [INFO] 开始处理文件: HS-181_多账套净值查询_20260223.xlsx engine=openpyxl
[2026-05-25 09:14:24] [INFO] 开始处理文件: HS-181_多账套净值查询_20260224.xlsx engine=openpyxl
[2026-05-25 09:14:24] [INFO] 开始处理文件: HS-181_多账套净值查询_20260225.xlsx engine=openpyxl
[2026-05-25 09:14:24] [INFO] 开始处理文件: HS-181_多账套净值查询_20260226.xlsx engine=openpyxl
[2026-05-25 09:14:24] [INFO] 开始处理文件: HS-181_多账套净值查询_20260227.xlsx engine=openpyxl
[2026-05-25 09:14:24] [INFO] 开始处理文件: HS-181_多账套净值查询_20260228.xlsx engine=openpyxl
[2026-05-25 09:14:24] [INFO] 开始处理文件: HS-181_多账套净值查询_20260301.xlsx engine=openpyxl
[2026-05-25 09:14:24] [INFO] 开始处理文件: HS-181_多账套净值查询_20260302.xlsx engine=openpyxl
[2026-05-25 09:14:24] [INFO] 开始处理文件: HS-181_多账套净值查询_20260303.xlsx engine=openpyxl
[2026-05-25 09:14:24] [INFO] 开始处理文件: HS-181_多账套净值查询_20260304.xlsx engine=openpyxl
[2026-05-25 09:14:24] [INFO] 开始处理文件: HS-181_多账套净值查询_20260305.xlsx engine=openpyxl
[2026-05-25 09:14:24] [INFO] 开始处理文件: HS-181_多账套净值查询_20260306.xlsx engine=openpyxl
[2026-05-25 09:14:24] [INFO] 开始处理文件: HS-181_多账套净值查询_20260307.xlsx engine=openpyxl
[2026-05-25 09:14:24] [INFO] 开始处理文件: HS-181_多账套净值查询_20260308.xlsx engine=openpyxl
[2026-05-25 09:14:24] [INFO] 开始处理文件: HS-181_多账套净值查询_20260309.xlsx engine=openpyxl
[2026-05-25 09:14:24] [INFO] 开始处理文件: HS-181_多账套净值查询_20260310.xlsx engine=openpyxl
[2026-05-25 09:14:24] [INFO] 开始处理文件: HS-181_多账套净值查询_20260311.xlsx engine=openpyxl
[2026-05-25 09:14:24] [INFO] 开始处理文件: HS-181_多账套净值查询_20260312.xlsx engine=openpyxl
[2026-05-25 09:14:24] [INFO] 开始处理文件: HS-181_多账套净值查询_20260313.xlsx engine=openpyxl
[2026-05-25 09:14:24] [INFO] 开始处理文件: HS-181_多账套净值查询_20260314.xlsx engine=openpyxl
[2026-05-25 09:14:24] [INFO] 开始处理文件: HS-181_多账套净值查询_20260315.xlsx engine=openpyxl
[2026-05-25 09:14:24] [INFO] 开始处理文件: HS-181_多账套净值查询_20260316.xlsx engine=openpyxl
[2026-05-25 09:14:24] [INFO] 开始处理文件: HS-181_多账套净值查询_20260317.xlsx engine=openpyxl
[2026-05-25 09:14:24] [INFO] 开始处理文件: HS-181_多账套净值查询_20260318.xlsx engine=openpyxl
[2026-05-25 09:14:24] [INFO] 开始处理文件: HS-181_多账套净值查询_20260319.xlsx engine=openpyxl
[2026-05-25 09:14:25] [INFO] 开始处理文件: HS-181_多账套净值查询_20260320.xlsx engine=openpyxl
[2026-05-25 09:14:25] [INFO] 开始处理文件: HS-181_多账套净值查询_20260321.xlsx engine=openpyxl
[2026-05-25 09:14:25] [INFO] 开始处理文件: HS-181_多账套净值查询_20260322.xlsx engine=openpyxl
[2026-05-25 09:14:25] [INFO] 开始处理文件: HS-181_多账套净值查询_20260323.xlsx engine=openpyxl
[2026-05-25 09:14:25] [INFO] 开始处理文件: HS-181_多账套净值查询_20260324.xlsx engine=openpyxl
[2026-05-25 09:14:25] [INFO] 开始处理文件: HS-181_多账套净值查询_20260325.xlsx engine=openpyxl
[2026-05-25 09:14:25] [INFO] 开始处理文件: HS-181_多账套净值查询_20260326.xlsx engine=openpyxl
[2026-05-25 09:14:25] [INFO] 开始处理文件: HS-181_多账套净值查询_20260327.xlsx engine=openpyxl
[2026-05-25 09:14:25] [INFO] 开始处理文件: HS-181_多账套净值查询_20260328.xlsx engine=openpyxl
[2026-05-25 09:14:25] [INFO] 开始处理文件: HS-181_多账套净值查询_20260329.xlsx engine=openpyxl
[2026-05-25 09:14:25] [INFO] 开始处理文件: HS-181_多账套净值查询_20260330.xlsx engine=openpyxl
[2026-05-25 09:14:25] [INFO] 开始处理文件: HS-181_多账套净值查询_20260331.xlsx engine=openpyxl
[2026-05-25 09:14:25] [INFO] 开始处理文件: HS-181_多账套净值查询_20260401.xlsx engine=openpyxl
[2026-05-25 09:14:25] [INFO] 开始处理文件: HS-181_多账套净值查询_20260402.xlsx engine=openpyxl
[2026-05-25 09:14:25] [INFO] 开始处理文件: HS-181_多账套净值查询_20260403.xlsx engine=openpyxl
[2026-05-25 09:14:25] [INFO] 开始处理文件: HS-181_多账套净值查询_20260404.xlsx engine=openpyxl
[2026-05-25 09:14:25] [INFO] 开始处理文件: HS-181_多账套净值查询_20260405.xlsx engine=openpyxl
[2026-05-25 09:14:25] [INFO] 开始处理文件: HS-181_多账套净值查询_20260406.xlsx engine=openpyxl
[2026-05-25 09:14:25] [INFO] 开始处理文件: HS-181_多账套净值查询_20260407.xlsx engine=openpyxl
[2026-05-25 09:14:25] [INFO] 开始处理文件: HS-181_多账套净值查询_20260408.xlsx engine=openpyxl
[2026-05-25 09:14:25] [INFO] 开始处理文件: HS-181_多账套净值查询_20260409.xlsx engine=openpyxl
[2026-05-25 09:14:25] [INFO] 开始处理文件: HS-181_多账套净值查询_20260410.xlsx engine=openpyxl
[2026-05-25 09:14:25] [INFO] 开始处理文件: HS-181_多账套净值查询_20260411.xlsx engine=openpyxl
[2026-05-25 09:14:25] [INFO] 开始处理文件: HS-181_多账套净值查询_20260412.xlsx engine=openpyxl
[2026-05-25 09:14:25] [INFO] 开始处理文件: HS-181_多账套净值查询_20260413.xlsx engine=openpyxl
[2026-05-25 09:14:25] [INFO] 开始处理文件: HS-181_多账套净值查询_20260414.xlsx engine=openpyxl
[2026-05-25 09:14:25] [INFO] 开始处理文件: HS-181_多账套净值查询_20260415.xlsx engine=openpyxl
[2026-05-25 09:14:25] [INFO] 开始处理文件: HS-181_多账套净值查询_20260416.xlsx engine=openpyxl
[2026-05-25 09:14:25] [INFO] 开始处理文件: HS-181_多账套净值查询_20260417.xlsx engine=openpyxl
[2026-05-25 09:14:25] [INFO] 开始处理文件: HS-181_多账套净值查询_20260418.xlsx engine=openpyxl
[2026-05-25 09:14:25] [INFO] 开始处理文件: HS-181_多账套净值查询_20260419.xlsx engine=openpyxl
[2026-05-25 09:14:25] [INFO] 开始处理文件: HS-181_多账套净值查询_20260420.xlsx engine=openpyxl
[2026-05-25 09:14:25] [INFO] 开始处理文件: HS-181_多账套净值查询_20260421.xlsx engine=openpyxl
[2026-05-25 09:14:25] [INFO] 开始处理文件: HS-181_多账套净值查询_20260422.xlsx engine=openpyxl
[2026-05-25 09:14:25] [INFO] 开始处理文件: HS-181_多账套净值查询_20260423.xlsx engine=openpyxl
[2026-05-25 09:14:25] [INFO] 开始处理文件: HS-181_多账套净值查询_20260424.xlsx engine=openpyxl
[2026-05-25 09:14:25] [INFO] 开始处理文件: HS-181_多账套净值查询_20260425.xlsx engine=openpyxl
[2026-05-25 09:14:25] [INFO] 开始处理文件: HS-181_多账套净值查询_20260426.xlsx engine=openpyxl
[2026-05-25 09:14:25] [INFO] 开始处理文件: HS-181_多账套净值查询_20260427.xlsx engine=openpyxl
[2026-05-25 09:14:25] [INFO] 开始处理文件: HS-181_多账套净值查询_20260428.xlsx engine=openpyxl
[2026-05-25 09:14:25] [INFO] 开始处理文件: HS-181_多账套净值查询_20260429.xlsx engine=openpyxl
[2026-05-25 09:14:25] [INFO] 开始处理文件: HS-181_多账套净值查询_20260430.xlsx engine=openpyxl
[2026-05-25 09:14:25] [INFO] 开始处理文件: HS-181_多账套净值查询_20260501.xlsx engine=openpyxl
[2026-05-25 09:14:25] [INFO] 开始处理文件: HS-181_多账套净值查询_20260502.xlsx engine=openpyxl
[2026-05-25 09:14:25] [INFO] 开始处理文件: HS-181_多账套净值查询_20260503.xlsx engine=openpyxl
[2026-05-25 09:14:25] [INFO] 开始处理文件: HS-181_多账套净值查询_20260504.xlsx engine=openpyxl
[2026-05-25 09:14:26] [INFO] 开始处理文件: HS-181_多账套净值查询_20260505.xlsx engine=openpyxl
[2026-05-25 09:14:26] [INFO] 开始处理文件: HS-181_多账套净值查询_20260506.xlsx engine=openpyxl
[2026-05-25 09:14:26] [INFO] 开始处理文件: HS-181_多账套净值查询_20260507.xlsx engine=openpyxl
[2026-05-25 09:14:26] [INFO] 开始处理文件: HS-181_多账套净值查询_20260508.xlsx engine=openpyxl
[2026-05-25 09:14:26] [INFO] 开始处理文件: HS-181_多账套净值查询_20260509.xlsx engine=openpyxl
[2026-05-25 09:14:26] [INFO] 开始处理文件: HS-181_多账套净值查询_20260510.xlsx engine=openpyxl
[2026-05-25 09:14:26] [INFO] 开始处理文件: HS-181_多账套净值查询_20260511.xlsx engine=openpyxl
[2026-05-25 09:14:26] [INFO] 开始处理文件: HS-181_多账套净值查询_20260512.xlsx engine=openpyxl
[2026-05-25 09:14:26] [INFO] 开始处理文件: HS-181_多账套净值查询_20260513.xlsx engine=openpyxl
[2026-05-25 09:14:26] [INFO] 开始处理文件: HS-181_多账套净值查询_20260514.xlsx engine=openpyxl
[2026-05-25 09:14:26] [INFO] 开始处理文件: HS-181_多账套净值查询_20260515.xlsx engine=openpyxl
[2026-05-25 09:14:26] [INFO] 开始处理文件: HS-181_多账套净值查询_20260516.xlsx engine=openpyxl
[2026-05-25 09:14:26] [INFO] 开始处理文件: HS-181_多账套净值查询_20260517.xlsx engine=openpyxl
[2026-05-25 09:14:26] [INFO] 开始处理文件: HS-181_多账套净值查询_20260518.xlsx engine=openpyxl
[2026-05-25 09:14:26] [INFO] 开始处理文件: HS-181_多账套净值查询_20260519.xlsx engine=openpyxl
[2026-05-25 09:14:26] [INFO] 开始处理文件: HS-181_多账套净值查询_20260520.xlsx engine=openpyxl
[2026-05-25 09:14:26] [INFO] 开始处理文件: HS-181_多账套净值查询_20260521.xlsx engine=openpyxl
[2026-05-25 09:14:26] [INFO] 合并总行数=48039 重复行数=0
[2026-05-25 09:14:32] [INFO] 写入完成: 多套账净值查询.xlsx
[2026-05-25 09:14:32] [INFO] 日志文件: outputs\logs\merge_20260525_091420.log
